2025-04-03 19:19:12.476 INFO df_utils - prepare_df: Shape before processing: (110061, 78) 
2025-04-03 19:19:12.476 INFO df_utils - rename_target: Renaming target data from wbit_error to 'target'
2025-04-03 19:19:16.132 INFO df_utils - standarize_data: Stadarize data, filter_col=target, filter_value=None
2025-04-03 19:19:18.234 INFO df_utils - prepare_df: Shape after processing: (95631, 741) 
2025-04-03 19:19:20.022 INFO df_utils - prepare_df: Shape of train data: (81293, 741) 
2025-04-03 19:19:20.022 INFO df_utils - prepare_df: Shape of test data: (14338, 741) 
2025-04-03 19:19:20.354 INFO logistic - execute_lr: start logistic regression training
2025-04-03 19:20:03.936 INFO utils - save_model: saving model to ./models/lr_classifier.pkl
2025-04-03 19:20:03.940 INFO utils - get_cross_val_predictions: Getting cross validation predictions for LogisticRegression(C=1, max_iter=1000)
2025-04-03 19:22:49.381 INFO utils - get_cross_val_predictions: Trying to get cross validation probabilities for LogisticRegression(C=1, max_iter=1000)
2025-04-03 19:25:33.519 INFO utils - get_predictions: Getting test predictions for LogisticRegression(C=1, max_iter=1000)
2025-04-03 19:25:33.588 INFO utils - get_predictions: Trying to get test predictions for LogisticRegression(C=1, max_iter=1000)
2025-04-03 19:25:33.688 INFO utils - save_prediction: saving model to ./predictions/lr_val_predictions.pkl
2025-04-03 19:25:33.690 INFO utils - save_prediction: saving model to ./predictions/lr_test_predictions.pkl
2025-04-03 19:25:33.692 INFO utils - save_prediction: saving model to ./predictions/lr_val_probabilities.pkl
2025-04-03 19:25:33.697 INFO utils - save_prediction: saving model to ./predictions/lr_test_probabilities.pkl
2025-04-03 19:25:33.733 INFO utils - get_metrics: logistic regression validation accuracy: 0.9378
2025-04-03 19:25:33.734 INFO utils - get_metrics: logistic regression validation f1 score: 0.9353
2025-04-03 19:25:33.734 INFO utils - get_metrics: logistic regression validation recall: 0.9097
2025-04-03 19:25:33.734 INFO utils - get_metrics: logistic regression validation precision: 0.9624
2025-04-03 19:25:33.738 INFO utils - get_metrics: logistic regression validation confusion matrix 
 [[39671  1429]
 [ 3629 36564]]
2025-04-03 19:25:34.155 INFO utils - get_metrics: logistic regression test accuracy: 0.9426
2025-04-03 19:25:34.155 INFO utils - get_metrics: logistic regression test f1 score: 0.9411
2025-04-03 19:25:34.155 INFO utils - get_metrics: logistic regression test recall: 0.9173
2025-04-03 19:25:34.155 INFO utils - get_metrics: logistic regression test precision: 0.9662
2025-04-03 19:25:34.157 INFO utils - get_metrics: logistic regression test confusion matrix 
 [[6936  230]
 [ 593 6579]]
2025-04-03 19:27:36.306 INFO kneighbors - <module>: K Neighbors classifier
2025-04-03 19:28:01.786 INFO kneighbors - <module>: K Neighbors classifier
2025-04-03 19:28:38.948 INFO kneighbors - <module>: K Neighbors classifier
2025-04-03 19:28:39.894 INFO df_utils - prepare_df: Shape before processing: (110061, 78) 
2025-04-03 19:28:39.894 INFO df_utils - rename_target: Renaming target data from wbit_error to 'target'
2025-04-03 19:28:40.982 INFO df_utils - standarize_data: Stadarize data, filter_col=target, filter_value=None
2025-04-03 19:28:41.068 INFO df_utils - prepare_df: Shape after processing: (95631, 38) 
2025-04-03 19:28:41.163 INFO df_utils - prepare_df: Shape of train data: (81293, 38) 
2025-04-03 19:28:41.163 INFO df_utils - prepare_df: Shape of test data: (14338, 38) 
2025-04-03 19:28:41.182 INFO kneighbors - execute_kn: start k neighbors classifier training
2025-04-03 19:28:41.211 INFO utils - save_model: saving model to ./models/kn_classifier.pkl
2025-04-03 19:28:41.251 INFO utils - get_cross_val_predictions: Getting cross validation predictions for KNeighborsClassifier(n_neighbors=4, p=1, weights='distance')
2025-04-03 19:29:20.561 INFO utils - get_cross_val_predictions: Trying to get cross validation probabilities for KNeighborsClassifier(n_neighbors=4, p=1, weights='distance')
2025-04-03 19:30:00.523 INFO utils - get_predictions: Getting test predictions for KNeighborsClassifier(n_neighbors=4, p=1, weights='distance')
2025-04-03 19:30:09.995 INFO utils - get_predictions: Trying to get test predictions for KNeighborsClassifier(n_neighbors=4, p=1, weights='distance')
2025-04-03 19:30:18.801 INFO utils - save_prediction: saving model to ./predictions/kn_val_predictions.pkl
2025-04-03 19:30:18.804 INFO utils - save_prediction: saving model to ./predictions/kn_test_predictions.pkl
2025-04-03 19:30:18.805 INFO utils - save_prediction: saving model to ./predictions/kn_val_probabilities.pkl
2025-04-03 19:30:18.808 INFO utils - save_prediction: saving model to ./predictions/kn_test_probabilities.pkl
2025-04-03 19:30:18.834 INFO utils - get_metrics: k-neighbors validation accuracy: 0.9078
2025-04-03 19:30:18.834 INFO utils - get_metrics: k-neighbors validation f1 score: 0.8993
2025-04-03 19:30:18.835 INFO utils - get_metrics: k-neighbors validation recall: 0.8334
2025-04-03 19:30:18.835 INFO utils - get_metrics: k-neighbors validation precision: 0.9766
2025-04-03 19:30:18.837 INFO utils - get_metrics: k-neighbors validation confusion matrix 
 [[40296   804]
 [ 6695 33498]]
2025-04-03 19:30:19.234 INFO utils - get_metrics: k-neighbors test accuracy: 0.9164
2025-04-03 19:30:19.234 INFO utils - get_metrics: k-neighbors test f1 score: 0.9106
2025-04-03 19:30:19.234 INFO utils - get_metrics: k-neighbors test recall: 0.8514
2025-04-03 19:30:19.234 INFO utils - get_metrics: k-neighbors test precision: 0.9787
2025-04-03 19:30:19.235 INFO utils - get_metrics: k-neighbors test confusion matrix 
 [[7033  133]
 [1066 6106]]
2025-04-03 20:01:34.149 INFO svc - <module>: SVC classifier
2025-04-03 20:02:42.419 INFO svc - <module>: SVC classifier
2025-04-03 20:02:43.384 INFO df_utils - prepare_df: Shape before processing: (110061, 78) 
2025-04-03 20:02:43.384 INFO df_utils - rename_target: Renaming target data from wbit_error to 'target'
2025-04-03 20:02:44.529 INFO df_utils - standarize_data: Stadarize data, filter_col=target, filter_value=0
2025-04-03 20:02:44.692 INFO df_utils - prepare_df: Shape after processing: (95631, 38) 
2025-04-03 20:02:44.810 INFO df_utils - prepare_df: Shape of train data: (81293, 38) 
2025-04-03 20:02:44.811 INFO df_utils - prepare_df: Shape of test data: (14338, 38) 
2025-04-03 20:02:44.831 INFO svc - execute_svc: start svc classifier training
2025-04-03 20:05:14.515 INFO utils - save_model: saving model to ./models/svc_classifier.pkl
2025-04-03 20:05:14.521 INFO utils - get_cross_val_predictions: Getting cross validation predictions for SVC(C=1)
2025-04-03 20:15:34.270 INFO utils - get_cross_val_predictions: Trying to get cross validation probabilities for SVC(C=1)
2025-04-03 20:17:12.381 INFO utils - get_cross_val_predictions: No probabilities available for SVC(C=1)
2025-04-03 20:17:12.384 INFO utils - get_predictions: Getting test predictions for SVC(C=1)
2025-04-03 20:17:39.936 INFO utils - get_predictions: Trying to get test predictions for SVC(C=1)
2025-04-03 20:17:39.936 INFO utils - get_predictions: no probabilities available for SVC(C=1)
2025-04-03 20:17:39.937 INFO utils - save_prediction: saving model to ./predictions/svc_val_predictions.pkl
2025-04-03 20:17:39.941 INFO utils - save_prediction: saving model to ./predictions/svc_test_predictions.pkl
2025-04-03 20:17:39.969 INFO utils - get_metrics: svc validation accuracy: 0.9384
2025-04-03 20:17:39.969 INFO utils - get_metrics: svc validation f1 score: 0.9362
2025-04-03 20:17:39.969 INFO utils - get_metrics: svc validation recall: 0.9145
2025-04-03 20:17:39.969 INFO utils - get_metrics: svc validation precision: 0.9589
2025-04-03 20:17:39.973 INFO utils - get_metrics: svc validation confusion matrix 
 [[39526  1574]
 [ 3437 36756]]
2025-04-03 20:17:40.370 INFO utils - get_metrics: svc test accuracy: 0.9436
2025-04-03 20:17:40.370 INFO utils - get_metrics: svc test f1 score: 0.9424
2025-04-03 20:17:40.370 INFO utils - get_metrics: svc test recall: 0.9223
2025-04-03 20:17:40.370 INFO utils - get_metrics: svc test precision: 0.9633
2025-04-03 20:17:40.372 INFO utils - get_metrics: svc test confusion matrix 
 [[6914  252]
 [ 557 6615]]
